{"C:\\Users\\anca\\Desktop\\anca-project_final\\anca-project\\bank-aplication\\server\\Client.js": {"path":"C:\\Users\\anca\\Desktop\\anca-project_final\\anca-project\\bank-aplication\\server\\Client.js","statementMap":{"0":{"start":{"line":2,"column":17},"end":{"line":2,"column":41}},"1":{"start":{"line":6,"column":8},"end":{"line":6,"column":23}},"2":{"start":{"line":7,"column":8},"end":{"line":7,"column":39}},"3":{"start":{"line":12,"column":20},"end":{"line":12,"column":76}},"4":{"start":{"line":14,"column":23},"end":{"line":14,"column":51}},"5":{"start":{"line":15,"column":23},"end":{"line":15,"column":55}},"6":{"start":{"line":19,"column":8},"end":{"line":19,"column":20}},"7":{"start":{"line":22,"column":20},"end":{"line":22,"column":101}},"8":{"start":{"line":24,"column":23},"end":{"line":24,"column":55}},"9":{"start":{"line":25,"column":8},"end":{"line":25,"column":43}},"10":{"start":{"line":26,"column":23},"end":{"line":26,"column":55}},"11":{"start":{"line":28,"column":8},"end":{"line":28,"column":20}},"12":{"start":{"line":31,"column":20},"end":{"line":31,"column":202}},"13":{"start":{"line":32,"column":28},"end":{"line":32,"column":44}},"14":{"start":{"line":33,"column":23},"end":{"line":33,"column":63}},"15":{"start":{"line":35,"column":4},"end":{"line":35,"column":16}},"16":{"start":{"line":39,"column":27},"end":{"line":39,"column":196}},"17":{"start":{"line":40,"column":30},"end":{"line":40,"column":56}},"18":{"start":{"line":41,"column":8},"end":{"line":41,"column":56}},"19":{"start":{"line":45,"column":28},"end":{"line":45,"column":198}},"20":{"start":{"line":46,"column":31},"end":{"line":46,"column":57}},"21":{"start":{"line":47,"column":8},"end":{"line":47,"column":58}},"22":{"start":{"line":51,"column":31},"end":{"line":51,"column":129}},"23":{"start":{"line":52,"column":31},"end":{"line":52,"column":87}},"24":{"start":{"line":53,"column":8},"end":{"line":53,"column":51}},"25":{"start":{"line":55,"column":8},"end":{"line":55,"column":28}},"26":{"start":{"line":58,"column":26},"end":{"line":58,"column":105}},"27":{"start":{"line":59,"column":29},"end":{"line":59,"column":82}},"28":{"start":{"line":60,"column":8},"end":{"line":60,"column":54}},"29":{"start":{"line":63,"column":0},"end":{"line":63,"column":24}}},"fnMap":{"0":{"name":"(anonymous_0)","decl":{"start":{"line":5,"column":4},"end":{"line":5,"column":5}},"loc":{"start":{"line":5,"column":33},"end":{"line":8,"column":5}},"line":5},"1":{"name":"(anonymous_1)","decl":{"start":{"line":11,"column":4},"end":{"line":11,"column":5}},"loc":{"start":{"line":11,"column":18},"end":{"line":20,"column":5}},"line":11},"2":{"name":"(anonymous_2)","decl":{"start":{"line":21,"column":4},"end":{"line":21,"column":5}},"loc":{"start":{"line":21,"column":53},"end":{"line":29,"column":5}},"line":21},"3":{"name":"(anonymous_3)","decl":{"start":{"line":30,"column":4},"end":{"line":30,"column":5}},"loc":{"start":{"line":30,"column":22},"end":{"line":36,"column":5}},"line":30},"4":{"name":"(anonymous_4)","decl":{"start":{"line":38,"column":4},"end":{"line":38,"column":5}},"loc":{"start":{"line":38,"column":26},"end":{"line":42,"column":5}},"line":38},"5":{"name":"(anonymous_5)","decl":{"start":{"line":44,"column":4},"end":{"line":44,"column":5}},"loc":{"start":{"line":44,"column":27},"end":{"line":48,"column":5}},"line":44},"6":{"name":"(anonymous_6)","decl":{"start":{"line":50,"column":4},"end":{"line":50,"column":5}},"loc":{"start":{"line":50,"column":28},"end":{"line":56,"column":5}},"line":50},"7":{"name":"(anonymous_7)","decl":{"start":{"line":57,"column":4},"end":{"line":57,"column":5}},"loc":{"start":{"line":57,"column":62},"end":{"line":61,"column":5}},"line":57}},"branchMap":{},"s":{"0":1,"1":4,"2":4,"3":1,"4":1,"5":1,"6":1,"7":0,"8":0,"9":0,"10":0,"11":0,"12":1,"13":1,"14":1,"15":1,"16":0,"17":0,"18":0,"19":1,"20":1,"21":1,"22":0,"23":0,"24":0,"25":0,"26":1,"27":1,"28":1,"29":1},"f":{"0":4,"1":1,"2":0,"3":1,"4":0,"5":1,"6":0,"7":1},"b":{},"_coverageSchema":"1a1c01bbd47fc00a2c39e90264f33305004495a9","hash":"dfc5e9c2ab89212916e34253d0fecc969bae56b4"}
,"C:\\Users\\anca\\Desktop\\anca-project_final\\anca-project\\bank-aplication\\server\\ClientInfo.js": {"path":"C:\\Users\\anca\\Desktop\\anca-project_final\\anca-project\\bank-aplication\\server\\ClientInfo.js","statementMap":{"0":{"start":{"line":1,"column":17},"end":{"line":1,"column":41}},"1":{"start":{"line":10,"column":20},"end":{"line":13,"column":5}},"2":{"start":{"line":14,"column":19},"end":{"line":14,"column":55}},"3":{"start":{"line":15,"column":4},"end":{"line":15,"column":16}},"4":{"start":{"line":18,"column":0},"end":{"line":18,"column":26}}},"fnMap":{"0":{"name":"(anonymous_0)","decl":{"start":{"line":9,"column":4},"end":{"line":9,"column":5}},"loc":{"start":{"line":9,"column":38},"end":{"line":16,"column":5}},"line":9}},"branchMap":{},"s":{"0":1,"1":1,"2":1,"3":1,"4":1},"f":{"0":1},"b":{},"_coverageSchema":"1a1c01bbd47fc00a2c39e90264f33305004495a9","hash":"dc9425f91873e0169eb1233cd52bbed53bbd75c1"}
,"C:\\Users\\anca\\Desktop\\anca-project_final\\anca-project\\bank-aplication\\server\\Database.js": {"path":"C:\\Users\\anca\\Desktop\\anca-project_final\\anca-project\\bank-aplication\\server\\Database.js","statementMap":{"0":{"start":{"line":1,"column":16},"end":{"line":1,"column":34}},"1":{"start":{"line":2,"column":14},"end":{"line":2,"column":39}},"2":{"start":{"line":3,"column":13},"end":{"line":3,"column":28}},"3":{"start":{"line":4,"column":12},"end":{"line":4,"column":21}},"4":{"start":{"line":5,"column":13},"end":{"line":5,"column":17}},"5":{"start":{"line":6,"column":13},"end":{"line":12,"column":2}},"6":{"start":{"line":14,"column":0},"end":{"line":14,"column":16}},"7":{"start":{"line":17,"column":8},"end":{"line":17,"column":46}},"8":{"start":{"line":22,"column":8},"end":{"line":22,"column":42}},"9":{"start":{"line":28,"column":0},"end":{"line":28,"column":26}}},"fnMap":{"0":{"name":"(anonymous_0)","decl":{"start":{"line":16,"column":4},"end":{"line":16,"column":5}},"loc":{"start":{"line":16,"column":34},"end":{"line":19,"column":5}},"line":16},"1":{"name":"(anonymous_1)","decl":{"start":{"line":21,"column":4},"end":{"line":21,"column":5}},"loc":{"start":{"line":21,"column":32},"end":{"line":23,"column":5}},"line":21}},"branchMap":{},"s":{"0":6,"1":6,"2":6,"3":6,"4":6,"5":6,"6":6,"7":0,"8":0,"9":6},"f":{"0":0,"1":0},"b":{},"_coverageSchema":"1a1c01bbd47fc00a2c39e90264f33305004495a9","hash":"6dcad2984b5145d970c6fba8bb813092bff9e5e7"}
,"C:\\Users\\anca\\Desktop\\anca-project_final\\anca-project\\bank-aplication\\server\\InfoTransactions.js": {"path":"C:\\Users\\anca\\Desktop\\anca-project_final\\anca-project\\bank-aplication\\server\\InfoTransactions.js","statementMap":{"0":{"start":{"line":1,"column":17},"end":{"line":1,"column":41}},"1":{"start":{"line":5,"column":8},"end":{"line":5,"column":33}},"2":{"start":{"line":6,"column":8},"end":{"line":6,"column":51}},"3":{"start":{"line":7,"column":8},"end":{"line":7,"column":61}},"4":{"start":{"line":8,"column":8},"end":{"line":8,"column":29}},"5":{"start":{"line":13,"column":8},"end":{"line":13,"column":46}},"6":{"start":{"line":14,"column":8},"end":{"line":14,"column":42}},"7":{"start":{"line":15,"column":8},"end":{"line":15,"column":49}},"8":{"start":{"line":16,"column":20},"end":{"line":21,"column":9}},"9":{"start":{"line":23,"column":23},"end":{"line":23,"column":85}},"10":{"start":{"line":24,"column":8},"end":{"line":24,"column":20}},"11":{"start":{"line":29,"column":8},"end":{"line":42,"column":9}},"12":{"start":{"line":30,"column":24},"end":{"line":35,"column":13}},"13":{"start":{"line":37,"column":27},"end":{"line":37,"column":79}},"14":{"start":{"line":38,"column":12},"end":{"line":38,"column":24}},"15":{"start":{"line":40,"column":12},"end":{"line":40,"column":51}},"16":{"start":{"line":41,"column":12},"end":{"line":41,"column":24}},"17":{"start":{"line":46,"column":4},"end":{"line":59,"column":5}},"18":{"start":{"line":47,"column":20},"end":{"line":52,"column":9}},"19":{"start":{"line":54,"column":23},"end":{"line":54,"column":73}},"20":{"start":{"line":55,"column":8},"end":{"line":55,"column":20}},"21":{"start":{"line":57,"column":8},"end":{"line":57,"column":47}},"22":{"start":{"line":58,"column":8},"end":{"line":58,"column":20}},"23":{"start":{"line":63,"column":4},"end":{"line":76,"column":5}},"24":{"start":{"line":64,"column":20},"end":{"line":69,"column":9}},"25":{"start":{"line":71,"column":23},"end":{"line":71,"column":87}},"26":{"start":{"line":72,"column":8},"end":{"line":72,"column":20}},"27":{"start":{"line":74,"column":8},"end":{"line":74,"column":47}},"28":{"start":{"line":75,"column":8},"end":{"line":75,"column":20}},"29":{"start":{"line":79,"column":4},"end":{"line":92,"column":5}},"30":{"start":{"line":80,"column":20},"end":{"line":85,"column":9}},"31":{"start":{"line":87,"column":23},"end":{"line":87,"column":73}},"32":{"start":{"line":88,"column":8},"end":{"line":88,"column":20}},"33":{"start":{"line":90,"column":8},"end":{"line":90,"column":47}},"34":{"start":{"line":91,"column":8},"end":{"line":91,"column":20}},"35":{"start":{"line":95,"column":4},"end":{"line":108,"column":5}},"36":{"start":{"line":96,"column":20},"end":{"line":101,"column":9}},"37":{"start":{"line":103,"column":23},"end":{"line":103,"column":73}},"38":{"start":{"line":104,"column":8},"end":{"line":104,"column":20}},"39":{"start":{"line":106,"column":8},"end":{"line":106,"column":47}},"40":{"start":{"line":107,"column":8},"end":{"line":107,"column":20}},"41":{"start":{"line":111,"column":0},"end":{"line":111,"column":34}}},"fnMap":{"0":{"name":"(anonymous_0)","decl":{"start":{"line":4,"column":4},"end":{"line":4,"column":5}},"loc":{"start":{"line":4,"column":77},"end":{"line":9,"column":5}},"line":4},"1":{"name":"(anonymous_1)","decl":{"start":{"line":11,"column":4},"end":{"line":11,"column":5}},"loc":{"start":{"line":11,"column":59},"end":{"line":25,"column":5}},"line":11},"2":{"name":"(anonymous_2)","decl":{"start":{"line":28,"column":4},"end":{"line":28,"column":5}},"loc":{"start":{"line":28,"column":52},"end":{"line":43,"column":1}},"line":28},"3":{"name":"(anonymous_3)","decl":{"start":{"line":45,"column":0},"end":{"line":45,"column":1}},"loc":{"start":{"line":45,"column":44},"end":{"line":60,"column":1}},"line":45},"4":{"name":"(anonymous_4)","decl":{"start":{"line":62,"column":0},"end":{"line":62,"column":1}},"loc":{"start":{"line":62,"column":59},"end":{"line":77,"column":1}},"line":62},"5":{"name":"(anonymous_5)","decl":{"start":{"line":78,"column":0},"end":{"line":78,"column":1}},"loc":{"start":{"line":78,"column":46},"end":{"line":93,"column":1}},"line":78},"6":{"name":"(anonymous_6)","decl":{"start":{"line":94,"column":0},"end":{"line":94,"column":1}},"loc":{"start":{"line":94,"column":49},"end":{"line":109,"column":1}},"line":94}},"branchMap":{},"s":{"0":2,"1":12,"2":12,"3":12,"4":12,"5":2,"6":2,"7":2,"8":2,"9":2,"10":2,"11":2,"12":2,"13":2,"14":2,"15":0,"16":0,"17":2,"18":2,"19":2,"20":2,"21":0,"22":0,"23":2,"24":2,"25":2,"26":2,"27":0,"28":0,"29":2,"30":2,"31":2,"32":2,"33":0,"34":0,"35":2,"36":2,"37":2,"38":2,"39":0,"40":0,"41":2},"f":{"0":12,"1":2,"2":2,"3":2,"4":2,"5":2,"6":2},"b":{},"_coverageSchema":"1a1c01bbd47fc00a2c39e90264f33305004495a9","hash":"9b943759228e2abf15b4ef42caf7f9ca20469356"}
,"C:\\Users\\anca\\Desktop\\anca-project_final\\anca-project\\bank-aplication\\server\\Transaction.js": {"path":"C:\\Users\\anca\\Desktop\\anca-project_final\\anca-project\\bank-aplication\\server\\Transaction.js","statementMap":{"0":{"start":{"line":1,"column":17},"end":{"line":1,"column":41}},"1":{"start":{"line":5,"column":8},"end":{"line":5,"column":33}},"2":{"start":{"line":6,"column":8},"end":{"line":6,"column":51}},"3":{"start":{"line":7,"column":8},"end":{"line":7,"column":61}},"4":{"start":{"line":8,"column":8},"end":{"line":8,"column":29}},"5":{"start":{"line":12,"column":25},"end":{"line":12,"column":38}},"6":{"start":{"line":14,"column":8},"end":{"line":14,"column":56}},"7":{"start":{"line":15,"column":20},"end":{"line":15,"column":67}},"8":{"start":{"line":16,"column":23},"end":{"line":16,"column":60}},"9":{"start":{"line":17,"column":8},"end":{"line":17,"column":56}},"10":{"start":{"line":18,"column":8},"end":{"line":18,"column":20}},"11":{"start":{"line":21,"column":27},"end":{"line":21,"column":57}},"12":{"start":{"line":22,"column":8},"end":{"line":34,"column":9}},"13":{"start":{"line":23,"column":12},"end":{"line":23,"column":48}},"14":{"start":{"line":25,"column":12},"end":{"line":25,"column":59}},"15":{"start":{"line":27,"column":12},"end":{"line":27,"column":38}},"16":{"start":{"line":29,"column":12},"end":{"line":29,"column":49}},"17":{"start":{"line":30,"column":12},"end":{"line":30,"column":40}},"18":{"start":{"line":31,"column":12},"end":{"line":31,"column":22}},"19":{"start":{"line":33,"column":12},"end":{"line":33,"column":33}},"20":{"start":{"line":37,"column":27},"end":{"line":37,"column":57}},"21":{"start":{"line":39,"column":8},"end":{"line":52,"column":9}},"22":{"start":{"line":40,"column":12},"end":{"line":40,"column":48}},"23":{"start":{"line":42,"column":12},"end":{"line":42,"column":59}},"24":{"start":{"line":43,"column":12},"end":{"line":43,"column":59}},"25":{"start":{"line":45,"column":12},"end":{"line":45,"column":38}},"26":{"start":{"line":47,"column":12},"end":{"line":47,"column":49}},"27":{"start":{"line":48,"column":12},"end":{"line":48,"column":40}},"28":{"start":{"line":49,"column":12},"end":{"line":49,"column":22}},"29":{"start":{"line":51,"column":12},"end":{"line":51,"column":33}},"30":{"start":{"line":56,"column":26},"end":{"line":64,"column":9}},"31":{"start":{"line":66,"column":8},"end":{"line":66,"column":113}},"32":{"start":{"line":70,"column":23},"end":{"line":78,"column":9}},"33":{"start":{"line":80,"column":8},"end":{"line":80,"column":109}},"34":{"start":{"line":84,"column":0},"end":{"line":84,"column":29}}},"fnMap":{"0":{"name":"(anonymous_0)","decl":{"start":{"line":4,"column":4},"end":{"line":4,"column":5}},"loc":{"start":{"line":4,"column":77},"end":{"line":9,"column":5}},"line":4},"1":{"name":"(anonymous_1)","decl":{"start":{"line":11,"column":4},"end":{"line":11,"column":5}},"loc":{"start":{"line":11,"column":31},"end":{"line":19,"column":5}},"line":11},"2":{"name":"(anonymous_2)","decl":{"start":{"line":20,"column":4},"end":{"line":20,"column":5}},"loc":{"start":{"line":20,"column":25},"end":{"line":35,"column":5}},"line":20},"3":{"name":"(anonymous_3)","decl":{"start":{"line":36,"column":4},"end":{"line":36,"column":5}},"loc":{"start":{"line":36,"column":26},"end":{"line":53,"column":5}},"line":36},"4":{"name":"(anonymous_4)","decl":{"start":{"line":55,"column":4},"end":{"line":55,"column":5}},"loc":{"start":{"line":55,"column":46},"end":{"line":67,"column":5}},"line":55},"5":{"name":"(anonymous_5)","decl":{"start":{"line":69,"column":4},"end":{"line":69,"column":5}},"loc":{"start":{"line":69,"column":46},"end":{"line":81,"column":5}},"line":69}},"branchMap":{},"s":{"0":1,"1":4,"2":4,"3":4,"4":4,"5":1,"6":1,"7":1,"8":1,"9":1,"10":1,"11":0,"12":0,"13":0,"14":0,"15":0,"16":0,"17":0,"18":0,"19":0,"20":1,"21":1,"22":1,"23":1,"24":1,"25":1,"26":0,"27":0,"28":0,"29":1,"30":2,"31":2,"32":2,"33":2,"34":1},"f":{"0":4,"1":1,"2":0,"3":1,"4":2,"5":2},"b":{},"_coverageSchema":"1a1c01bbd47fc00a2c39e90264f33305004495a9","hash":"04d291d623b6d0a95b390ed9021faa8c02cb48c7"}
,"C:\\Users\\anca\\Desktop\\anca-project_final\\anca-project\\bank-aplication\\server\\TransactionDetails.js": {"path":"C:\\Users\\anca\\Desktop\\anca-project_final\\anca-project\\bank-aplication\\server\\TransactionDetails.js","statementMap":{"0":{"start":{"line":1,"column":17},"end":{"line":1,"column":41}},"1":{"start":{"line":9,"column":20},"end":{"line":14,"column":9}},"2":{"start":{"line":16,"column":23},"end":{"line":16,"column":71}},"3":{"start":{"line":17,"column":8},"end":{"line":17,"column":20}},"4":{"start":{"line":22,"column":8},"end":{"line":35,"column":9}},"5":{"start":{"line":23,"column":24},"end":{"line":28,"column":13}},"6":{"start":{"line":30,"column":27},"end":{"line":30,"column":64}},"7":{"start":{"line":31,"column":12},"end":{"line":31,"column":24}},"8":{"start":{"line":33,"column":12},"end":{"line":33,"column":51}},"9":{"start":{"line":34,"column":12},"end":{"line":34,"column":24}},"10":{"start":{"line":39,"column":4},"end":{"line":52,"column":5}},"11":{"start":{"line":40,"column":20},"end":{"line":45,"column":9}},"12":{"start":{"line":47,"column":23},"end":{"line":47,"column":58}},"13":{"start":{"line":48,"column":8},"end":{"line":48,"column":20}},"14":{"start":{"line":50,"column":8},"end":{"line":50,"column":47}},"15":{"start":{"line":51,"column":8},"end":{"line":51,"column":20}},"16":{"start":{"line":56,"column":4},"end":{"line":69,"column":5}},"17":{"start":{"line":57,"column":20},"end":{"line":62,"column":9}},"18":{"start":{"line":64,"column":23},"end":{"line":64,"column":73}},"19":{"start":{"line":65,"column":8},"end":{"line":65,"column":20}},"20":{"start":{"line":67,"column":8},"end":{"line":67,"column":47}},"21":{"start":{"line":68,"column":8},"end":{"line":68,"column":20}},"22":{"start":{"line":72,"column":4},"end":{"line":85,"column":5}},"23":{"start":{"line":73,"column":20},"end":{"line":78,"column":9}},"24":{"start":{"line":80,"column":23},"end":{"line":80,"column":59}},"25":{"start":{"line":81,"column":8},"end":{"line":81,"column":20}},"26":{"start":{"line":83,"column":8},"end":{"line":83,"column":47}},"27":{"start":{"line":84,"column":8},"end":{"line":84,"column":20}},"28":{"start":{"line":88,"column":4},"end":{"line":101,"column":5}},"29":{"start":{"line":89,"column":20},"end":{"line":94,"column":9}},"30":{"start":{"line":96,"column":23},"end":{"line":96,"column":59}},"31":{"start":{"line":97,"column":8},"end":{"line":97,"column":20}},"32":{"start":{"line":99,"column":8},"end":{"line":99,"column":47}},"33":{"start":{"line":100,"column":8},"end":{"line":100,"column":20}},"34":{"start":{"line":107,"column":0},"end":{"line":107,"column":36}}},"fnMap":{"0":{"name":"(anonymous_0)","decl":{"start":{"line":7,"column":4},"end":{"line":7,"column":5}},"loc":{"start":{"line":7,"column":59},"end":{"line":18,"column":5}},"line":7},"1":{"name":"(anonymous_1)","decl":{"start":{"line":21,"column":4},"end":{"line":21,"column":5}},"loc":{"start":{"line":21,"column":52},"end":{"line":36,"column":1}},"line":21},"2":{"name":"(anonymous_2)","decl":{"start":{"line":38,"column":0},"end":{"line":38,"column":1}},"loc":{"start":{"line":38,"column":43},"end":{"line":53,"column":1}},"line":38},"3":{"name":"(anonymous_3)","decl":{"start":{"line":55,"column":0},"end":{"line":55,"column":1}},"loc":{"start":{"line":55,"column":59},"end":{"line":70,"column":1}},"line":55},"4":{"name":"(anonymous_4)","decl":{"start":{"line":71,"column":0},"end":{"line":71,"column":1}},"loc":{"start":{"line":71,"column":46},"end":{"line":86,"column":1}},"line":71},"5":{"name":"(anonymous_5)","decl":{"start":{"line":87,"column":0},"end":{"line":87,"column":1}},"loc":{"start":{"line":87,"column":49},"end":{"line":102,"column":1}},"line":87}},"branchMap":{},"s":{"0":2,"1":1,"2":1,"3":1,"4":1,"5":1,"6":1,"7":1,"8":0,"9":0,"10":1,"11":1,"12":1,"13":1,"14":0,"15":0,"16":1,"17":1,"18":1,"19":1,"20":0,"21":0,"22":1,"23":1,"24":1,"25":1,"26":0,"27":0,"28":1,"29":1,"30":1,"31":1,"32":0,"33":0,"34":2},"f":{"0":1,"1":1,"2":1,"3":1,"4":1,"5":1},"b":{},"_coverageSchema":"1a1c01bbd47fc00a2c39e90264f33305004495a9","hash":"80d58a34422cd8d70fe63ff9cc6abb50a5dd8889"}
}
