TN:
SF:server\Client.js
FN:5,(anonymous_0)
FN:11,(anonymous_1)
FN:21,(anonymous_2)
FN:30,(anonymous_3)
FN:38,(anonymous_4)
FN:44,(anonymous_5)
FN:50,(anonymous_6)
FN:57,(anonymous_7)
FNF:8
FNH:5
FNDA:4,(anonymous_0)
FNDA:1,(anonymous_1)
FNDA:0,(anonymous_2)
FNDA:1,(anonymous_3)
FNDA:0,(anonymous_4)
FNDA:1,(anonymous_5)
FNDA:0,(anonymous_6)
FNDA:1,(anonymous_7)
DA:2,1
DA:6,4
DA:7,4
DA:12,1
DA:14,1
DA:15,1
DA:19,1
DA:22,0
DA:24,0
DA:25,0
DA:26,0
DA:28,0
DA:31,1
DA:32,1
DA:33,1
DA:35,1
DA:39,0
DA:40,0
DA:41,0
DA:45,1
DA:46,1
DA:47,1
DA:51,0
DA:52,0
DA:53,0
DA:55,0
DA:58,1
DA:59,1
DA:60,1
DA:63,1
LF:30
LH:18
BRF:0
BRH:0
end_of_record
TN:
SF:server\ClientInfo.js
FN:9,(anonymous_0)
FNF:1
FNH:1
FNDA:1,(anonymous_0)
DA:1,1
DA:10,1
DA:14,1
DA:15,1
DA:18,1
LF:5
LH:5
BRF:0
BRH:0
end_of_record
TN:
SF:server\Database.js
FN:16,(anonymous_0)
FN:21,(anonymous_1)
FNF:2
FNH:0
FNDA:0,(anonymous_0)
FNDA:0,(anonymous_1)
DA:1,6
DA:2,6
DA:3,6
DA:4,6
DA:5,6
DA:6,6
DA:14,6
DA:17,0
DA:22,0
DA:28,6
LF:10
LH:8
BRF:0
BRH:0
end_of_record
TN:
SF:server\InfoTransactions.js
FN:4,(anonymous_0)
FN:11,(anonymous_1)
FN:28,(anonymous_2)
FN:45,(anonymous_3)
FN:62,(anonymous_4)
FN:78,(anonymous_5)
FN:94,(anonymous_6)
FNF:7
FNH:7
FNDA:12,(anonymous_0)
FNDA:2,(anonymous_1)
FNDA:2,(anonymous_2)
FNDA:2,(anonymous_3)
FNDA:2,(anonymous_4)
FNDA:2,(anonymous_5)
FNDA:2,(anonymous_6)
DA:1,2
DA:5,12
DA:6,12
DA:7,12
DA:8,12
DA:13,2
DA:14,2
DA:15,2
DA:16,2
DA:23,2
DA:24,2
DA:29,2
DA:30,2
DA:37,2
DA:38,2
DA:40,0
DA:41,0
DA:46,2
DA:47,2
DA:54,2
DA:55,2
DA:57,0
DA:58,0
DA:63,2
DA:64,2
DA:71,2
DA:72,2
DA:74,0
DA:75,0
DA:79,2
DA:80,2
DA:87,2
DA:88,2
DA:90,0
DA:91,0
DA:95,2
DA:96,2
DA:103,2
DA:104,2
DA:106,0
DA:107,0
DA:111,2
LF:42
LH:32
BRF:0
BRH:0
end_of_record
TN:
SF:server\Transaction.js
FN:4,(anonymous_0)
FN:11,(anonymous_1)
FN:20,(anonymous_2)
FN:36,(anonymous_3)
FN:55,(anonymous_4)
FN:69,(anonymous_5)
FNF:6
FNH:5
FNDA:4,(anonymous_0)
FNDA:1,(anonymous_1)
FNDA:0,(anonymous_2)
FNDA:1,(anonymous_3)
FNDA:2,(anonymous_4)
FNDA:2,(anonymous_5)
DA:1,1
DA:5,4
DA:6,4
DA:7,4
DA:8,4
DA:12,1
DA:14,1
DA:15,1
DA:16,1
DA:17,1
DA:18,1
DA:21,0
DA:22,0
DA:23,0
DA:25,0
DA:27,0
DA:29,0
DA:30,0
DA:31,0
DA:33,0
DA:37,1
DA:39,1
DA:40,1
DA:42,1
DA:43,1
DA:45,1
DA:47,0
DA:48,0
DA:49,0
DA:51,1
DA:56,2
DA:66,2
DA:70,2
DA:80,2
DA:84,1
LF:35
LH:23
BRF:0
BRH:0
end_of_record
TN:
SF:server\TransactionDetails.js
FN:7,(anonymous_0)
FN:21,(anonymous_1)
FN:38,(anonymous_2)
FN:55,(anonymous_3)
FN:71,(anonymous_4)
FN:87,(anonymous_5)
FNF:6
FNH:6
FNDA:1,(anonymous_0)
FNDA:1,(anonymous_1)
FNDA:1,(anonymous_2)
FNDA:1,(anonymous_3)
FNDA:1,(anonymous_4)
FNDA:1,(anonymous_5)
DA:1,2
DA:9,1
DA:16,1
DA:17,1
DA:22,1
DA:23,1
DA:30,1
DA:31,1
DA:33,0
DA:34,0
DA:39,1
DA:40,1
DA:47,1
DA:48,1
DA:50,0
DA:51,0
DA:56,1
DA:57,1
DA:64,1
DA:65,1
DA:67,0
DA:68,0
DA:72,1
DA:73,1
DA:80,1
DA:81,1
DA:83,0
DA:84,0
DA:88,1
DA:89,1
DA:96,1
DA:97,1
DA:99,0
DA:100,0
DA:107,2
LF:35
LH:25
BRF:0
BRH:0
end_of_record
